Using pre-set license
Built from '2020.2/release' branch; Version is '2020.2.2f1 (068178b99f32) revision 426360'; Using compiler version '192528614'; Build Type 'Release'
OS: 'Windows 10 Home; OS build 19041.867; Version 2004; 64bit' Language: 'pl' Physical Memory: 14490 MB
BatchMode: 1, IsHumanControllingUs: 0, StartBugReporterOnCrash: 0, Is64bit: 1, IsPro: 0

 COMMAND LINE ARGUMENTS:
E:\OGARKA\Programowanie\Unity\unity 2019\2020.2.2f1\Editor\Unity.exe
-adb2
-batchMode
-noUpm
-name
AssetImportWorker0
-projectPath
D:/NAUKA/Kurs UNITY/Projekt 2 - MUCHA/MUCHA/MUCHA
-logFile
Logs/AssetImportWorker0.log
-srvPort
54118
Successfully changed project path to: D:/NAUKA/Kurs UNITY/Projekt 2 - MUCHA/MUCHA/MUCHA
D:/NAUKA/Kurs UNITY/Projekt 2 - MUCHA/MUCHA/MUCHA
Using Asset Import Pipeline V2.
Refreshing native plugins compatible for Editor in 30.38 ms, found 0 plugins.
Preloading 0 native plugins for Editor in 0.00 ms.
Initialize engine version: 2020.2.2f1 (068178b99f32)
[Subsystems] Discovering subsystems at path E:/OGARKA/Programowanie/Unity/unity 2019/2020.2.2f1/Editor/Data/Resources/UnitySubsystems
[Subsystems] Discovering subsystems at path D:/NAUKA/Kurs UNITY/Projekt 2 - MUCHA/MUCHA/MUCHA/Assets
GfxDevice: creating device client; threaded=0
Direct3D:
    Version:  Direct3D 11.0 [level 11.0]
    Renderer: NVIDIA GeForce 940MX (ID=0x134d)
    Vendor:   
    VRAM:     2010 MB
    Driver:   27.21.14.6192
Initialize mono
Mono path[0] = 'E:/OGARKA/Programowanie/Unity/unity 2019/2020.2.2f1/Editor/Data/Managed'
Mono path[1] = 'E:/OGARKA/Programowanie/Unity/unity 2019/2020.2.2f1/Editor/Data/MonoBleedingEdge/lib/mono/unityjit'
Mono config path = 'E:/OGARKA/Programowanie/Unity/unity 2019/2020.2.2f1/Editor/Data/MonoBleedingEdge/etc'
Using monoOptions --debugger-agent=transport=dt_socket,embedding=1,server=y,suspend=n,address=127.0.0.1:56276
Begin MonoManager ReloadAssembly
Registering precompiled unity dll's ...
Register platform support module: E:/OGARKA/Programowanie/Unity/unity 2019/2020.2.2f1/Editor/Data/PlaybackEngines/WebGLSupport/UnityEditor.WebGL.Extensions.dll
Register platform support module: E:/OGARKA/Programowanie/Unity/unity 2019/2020.2.2f1/Editor/Data/PlaybackEngines/WindowsStandaloneSupport/UnityEditor.WindowsStandalone.Extensions.dll
Registered in 0.002412 seconds.
Native extension for WindowsStandalone target not found
Native extension for WebGL target not found
Refreshing native plugins compatible for Editor in 27.70 ms, found 0 plugins.
Preloading 0 native plugins for Editor in 0.00 ms.
Invoked RoslynAnalysisRunner static constructor.
RoslynAnalysisRunner will not be running.
RoslynAnalysisRunner has terminated.
Mono: successfully reloaded assembly
- Completed reload, in  2.696 seconds
Platform modules already initialized, skipping
Registering precompiled user dll's ...
Registered in 0.000762 seconds.
Begin MonoManager ReloadAssembly
Native extension for WindowsStandalone target not found
Native extension for WebGL target not found
Refreshing native plugins compatible for Editor in 0.23 ms, found 0 plugins.
Preloading 0 native plugins for Editor in 0.00 ms.
Invoked RoslynAnalysisRunner static constructor.
RoslynAnalysisRunner will not be running.
RoslynAnalysisRunner has terminated.
Mono: successfully reloaded assembly
- Completed reload, in  1.061 seconds
Platform modules already initialized, skipping
========================================================================
Worker process is ready to serve import requests
Launched and connected shader compiler UnityShaderCompiler.exe after 0.08 seconds
Refreshing native plugins compatible for Editor in 0.27 ms, found 0 plugins.
Preloading 0 native plugins for Editor in 0.00 ms.
Unloading 1104 Unused Serialized files (Serialized files now loaded: 0)
System memory in use before: 56.9 MB.
System memory in use after: 56.9 MB.

Unloading 10 unused Assets to reduce memory usage. Loaded Objects now: 1544.
Total: 2.762800 ms (FindLiveObjects: 0.192700 ms CreateObjectMapping: 0.097900 ms MarkObjects: 2.372700 ms  DeleteObjects: 0.098000 ms)

========================================================================
Received Import Request.
  path: Assets/Scripts/Player.cs
  artifactKey: Guid(dfb915bb22eb4134db6800ff6fe6c4ef) Importer(815301076,1909f56bfc062723c751e8b465ee728b)
Start importing Assets/Scripts/Player.cs using Guid(dfb915bb22eb4134db6800ff6fe6c4ef) Importer(815301076,1909f56bfc062723c751e8b465ee728b)  -> (artifact id: '90638eb6d5934ba840b6d0002810b4e3') in 0.057442 seconds
  Import took 0.059796 seconds .

========================================================================
Received Import Request.
  Time since last request: 46.745927 seconds.
  path: Assets/Prefabs/Player.prefab
  artifactKey: Guid(040a20ede2bd27a4981e6761be93c7e4) Importer(815301076,1909f56bfc062723c751e8b465ee728b)
Start importing Assets/Prefabs/Player.prefab using Guid(040a20ede2bd27a4981e6761be93c7e4) Importer(815301076,1909f56bfc062723c751e8b465ee728b)  -> (artifact id: 'a1cf2a1282dd75183a08dc0508678478') in 0.127096 seconds
  Import took 0.129335 seconds .

========================================================================
Received Prepare
Registering precompiled user dll's ...
Registered in 0.000771 seconds.
Begin MonoManager ReloadAssembly
Native extension for WindowsStandalone target not found
Native extension for WebGL target not found
Refreshing native plugins compatible for Editor in 0.24 ms, found 0 plugins.
Preloading 0 native plugins for Editor in 0.00 ms.
Invoked RoslynAnalysisRunner static constructor.
RoslynAnalysisRunner will not be running.
RoslynAnalysisRunner has terminated.
Mono: successfully reloaded assembly
- Completed reload, in  1.057 seconds
Platform modules already initialized, skipping
Switching build target platform(5) subTarget(0) extendedPlatform(0) -> platform(13) subTarget(537395200) extendedPlatform(0)
Refreshing native plugins compatible for Editor in 0.74 ms, found 0 plugins.
Preloading 0 native plugins for Editor in 0.00 ms.
Unloading 1102 Unused Serialized files (Serialized files now loaded: 0)
System memory in use before: 60.0 MB.
System memory in use after: 60.1 MB.

Unloading 6 unused Assets to reduce memory usage. Loaded Objects now: 1554.
Total: 1.982700 ms (FindLiveObjects: 0.247300 ms CreateObjectMapping: 0.067000 ms MarkObjects: 1.603100 ms  DeleteObjects: 0.063100 ms)

AssetImportParameters requested are different than current active one (requested -> active):
  custom:graphics/normal-map-encoding: 01000000000000000000000000000000 -> 02000000000000000000000000000000
AssetImportWorkerClient::OnTransportError - code=2 error=End of file
