Using pre-set license
Built from '2020.2/release' branch; Version is '2020.2.2f1 (068178b99f32) revision 426360'; Using compiler version '192528614'; Build Type 'Release'
OS: 'Windows 10 Home; OS build 19041.867; Version 2004; 64bit' Language: 'pl' Physical Memory: 14490 MB
BatchMode: 1, IsHumanControllingUs: 0, StartBugReporterOnCrash: 0, Is64bit: 1, IsPro: 0

 COMMAND LINE ARGUMENTS:
E:\OGARKA\Programowanie\Unity\unity 2019\2020.2.2f1\Editor\Unity.exe
-adb2
-batchMode
-noUpm
-name
AssetImportWorker0
-projectPath
D:/NAUKA/Kurs UNITY/Projekt 2 - MUCHA/MUCHA/MUCHA
-logFile
Logs/AssetImportWorker0.log
-srvPort
63595
Successfully changed project path to: D:/NAUKA/Kurs UNITY/Projekt 2 - MUCHA/MUCHA/MUCHA
D:/NAUKA/Kurs UNITY/Projekt 2 - MUCHA/MUCHA/MUCHA
Using Asset Import Pipeline V2.
Refreshing native plugins compatible for Editor in 30.65 ms, found 0 plugins.
Preloading 0 native plugins for Editor in 0.00 ms.
Initialize engine version: 2020.2.2f1 (068178b99f32)
[Subsystems] Discovering subsystems at path E:/OGARKA/Programowanie/Unity/unity 2019/2020.2.2f1/Editor/Data/Resources/UnitySubsystems
[Subsystems] Discovering subsystems at path D:/NAUKA/Kurs UNITY/Projekt 2 - MUCHA/MUCHA/MUCHA/Assets
GfxDevice: creating device client; threaded=0
Direct3D:
    Version:  Direct3D 11.0 [level 11.0]
    Renderer: NVIDIA GeForce 940MX (ID=0x134d)
    Vendor:   
    VRAM:     2010 MB
    Driver:   27.21.14.6192
Initialize mono
Mono path[0] = 'E:/OGARKA/Programowanie/Unity/unity 2019/2020.2.2f1/Editor/Data/Managed'
Mono path[1] = 'E:/OGARKA/Programowanie/Unity/unity 2019/2020.2.2f1/Editor/Data/MonoBleedingEdge/lib/mono/unityjit'
Mono config path = 'E:/OGARKA/Programowanie/Unity/unity 2019/2020.2.2f1/Editor/Data/MonoBleedingEdge/etc'
Using monoOptions --debugger-agent=transport=dt_socket,embedding=1,server=y,suspend=n,address=127.0.0.1:56488
Begin MonoManager ReloadAssembly
Registering precompiled unity dll's ...
Register platform support module: E:/OGARKA/Programowanie/Unity/unity 2019/2020.2.2f1/Editor/Data/PlaybackEngines/WebGLSupport/UnityEditor.WebGL.Extensions.dll
Register platform support module: E:/OGARKA/Programowanie/Unity/unity 2019/2020.2.2f1/Editor/Data/PlaybackEngines/WindowsStandaloneSupport/UnityEditor.WindowsStandalone.Extensions.dll
Registered in 0.001826 seconds.
Native extension for WindowsStandalone target not found
Native extension for WebGL target not found
Refreshing native plugins compatible for Editor in 31.47 ms, found 0 plugins.
Preloading 0 native plugins for Editor in 0.00 ms.
Invoked RoslynAnalysisRunner static constructor.
RoslynAnalysisRunner will not be running.
RoslynAnalysisRunner has terminated.
Mono: successfully reloaded assembly
- Completed reload, in  2.421 seconds
Platform modules already initialized, skipping
Registering precompiled user dll's ...
Registered in 0.000927 seconds.
Begin MonoManager ReloadAssembly
Native extension for WindowsStandalone target not found
Native extension for WebGL target not found
Refreshing native plugins compatible for Editor in 0.32 ms, found 0 plugins.
Preloading 0 native plugins for Editor in 0.00 ms.
Invoked RoslynAnalysisRunner static constructor.
RoslynAnalysisRunner will not be running.
RoslynAnalysisRunner has terminated.
Mono: successfully reloaded assembly
- Completed reload, in  1.021 seconds
Platform modules already initialized, skipping
========================================================================
Worker process is ready to serve import requests
Launched and connected shader compiler UnityShaderCompiler.exe after 0.07 seconds
Refreshing native plugins compatible for Editor in 0.21 ms, found 0 plugins.
Preloading 0 native plugins for Editor in 0.00 ms.
Unloading 1104 Unused Serialized files (Serialized files now loaded: 0)
System memory in use before: 56.8 MB.
System memory in use after: 56.9 MB.

Unloading 10 unused Assets to reduce memory usage. Loaded Objects now: 1544.
Total: 3.267600 ms (FindLiveObjects: 0.275500 ms CreateObjectMapping: 0.284500 ms MarkObjects: 2.611500 ms  DeleteObjects: 0.094400 ms)

========================================================================
Received Import Request.
  path: Assets/Scripts/Obstacle.cs
  artifactKey: Guid(470acf3235f78344cb5b54b2cb3654e5) Importer(815301076,1909f56bfc062723c751e8b465ee728b)
Start importing Assets/Scripts/Obstacle.cs using Guid(470acf3235f78344cb5b54b2cb3654e5) Importer(815301076,1909f56bfc062723c751e8b465ee728b)  -> (artifact id: '95478f781def3233783ade754645759c') in 0.049714 seconds
  Import took 0.053428 seconds .

========================================================================
Received Prepare
Registering precompiled user dll's ...
Registered in 0.000757 seconds.
Begin MonoManager ReloadAssembly
Native extension for WindowsStandalone target not found
Native extension for WebGL target not found
Refreshing native plugins compatible for Editor in 0.24 ms, found 0 plugins.
Preloading 0 native plugins for Editor in 0.00 ms.
Invoked RoslynAnalysisRunner static constructor.
RoslynAnalysisRunner will not be running.
RoslynAnalysisRunner has terminated.
Mono: successfully reloaded assembly
- Completed reload, in  1.116 seconds
Platform modules already initialized, skipping
Switching build target platform(5) subTarget(0) extendedPlatform(0) -> platform(13) subTarget(537395200) extendedPlatform(0)
Refreshing native plugins compatible for Editor in 0.36 ms, found 0 plugins.
Preloading 0 native plugins for Editor in 0.00 ms.
Unloading 1101 Unused Serialized files (Serialized files now loaded: 0)
System memory in use before: 56.8 MB.
System memory in use after: 56.9 MB.

Unloading 6 unused Assets to reduce memory usage. Loaded Objects now: 1545.
Total: 2.175200 ms (FindLiveObjects: 0.146500 ms CreateObjectMapping: 0.040400 ms MarkObjects: 1.928800 ms  DeleteObjects: 0.057800 ms)

AssetImportParameters requested are different than current active one (requested -> active):
  custom:graphics/normal-map-encoding: 01000000000000000000000000000000 -> 02000000000000000000000000000000
========================================================================
Received Prepare
Registering precompiled user dll's ...
Registered in 0.000754 seconds.
Begin MonoManager ReloadAssembly
Native extension for WindowsStandalone target not found
Native extension for WebGL target not found
Refreshing native plugins compatible for Editor in 0.23 ms, found 0 plugins.
Preloading 0 native plugins for Editor in 0.00 ms.
Invoked RoslynAnalysisRunner static constructor.
RoslynAnalysisRunner will not be running.
RoslynAnalysisRunner has terminated.
Mono: successfully reloaded assembly
- Completed reload, in  0.966 seconds
Platform modules already initialized, skipping
Switching build target platform(5) subTarget(0) extendedPlatform(0) -> platform(13) subTarget(537395200) extendedPlatform(0)
Refreshing native plugins compatible for Editor in 0.23 ms, found 0 plugins.
Preloading 0 native plugins for Editor in 0.00 ms.
Unloading 1101 Unused Serialized files (Serialized files now loaded: 0)
System memory in use before: 56.9 MB.
System memory in use after: 57.0 MB.

Unloading 5 unused Assets to reduce memory usage. Loaded Objects now: 1547.
Total: 2.190700 ms (FindLiveObjects: 0.282000 ms CreateObjectMapping: 0.074700 ms MarkObjects: 1.746200 ms  DeleteObjects: 0.084900 ms)

AssetImportParameters requested are different than current active one (requested -> active):
  custom:graphics/normal-map-encoding: 01000000000000000000000000000000 -> 02000000000000000000000000000000
========================================================================
Received Import Request.
  Time since last request: 137.806855 seconds.
  path: Assets/Prefabs/Tiles easy/a2.prefab
  artifactKey: Guid(15d2800e87472664da64a03aa0b34726) Importer(815301076,1909f56bfc062723c751e8b465ee728b)
Start importing Assets/Prefabs/Tiles easy/a2.prefab using Guid(15d2800e87472664da64a03aa0b34726) Importer(815301076,1909f56bfc062723c751e8b465ee728b)  -> (artifact id: 'c073d2054ec915e888c4b5e22d866c3f') in 0.116498 seconds
  Import took 0.118809 seconds .

========================================================================
Received Import Request.
  Time since last request: 40.198944 seconds.
  path: Assets/Prefabs/Tiles easy/7 lewa.prefab
  artifactKey: Guid(42902b89b3d7fde498b1a6e2b5a6f85d) Importer(815301076,1909f56bfc062723c751e8b465ee728b)
Start importing Assets/Prefabs/Tiles easy/7 lewa.prefab using Guid(42902b89b3d7fde498b1a6e2b5a6f85d) Importer(815301076,1909f56bfc062723c751e8b465ee728b)  -> (artifact id: 'f6c8870b853bb6d23543f7592b432efe') in 0.026061 seconds
  Import took 0.028924 seconds .

========================================================================
Received Import Request.
  Time since last request: 23.524882 seconds.
  path: Assets/Prefabs/Tiles easy/7 prawa.prefab
  artifactKey: Guid(475553162fcecef4186d82f26b56f5fd) Importer(815301076,1909f56bfc062723c751e8b465ee728b)
Start importing Assets/Prefabs/Tiles easy/7 prawa.prefab using Guid(475553162fcecef4186d82f26b56f5fd) Importer(815301076,1909f56bfc062723c751e8b465ee728b)  -> (artifact id: 'ea12cfd5585ad71d3fd2dfd76744f261') in 0.014347 seconds
  Import took 0.019333 seconds .

========================================================================
Received Import Request.
  Time since last request: 0.001561 seconds.
  path: Assets/Prefabs/Tiles easy/7 prawa.prefab
  artifactKey: Guid(475553162fcecef4186d82f26b56f5fd) Importer(815301076,1909f56bfc062723c751e8b465ee728b)
Start importing Assets/Prefabs/Tiles easy/7 prawa.prefab using Guid(475553162fcecef4186d82f26b56f5fd) Importer(815301076,1909f56bfc062723c751e8b465ee728b)  -> (artifact id: 'ea12cfd5585ad71d3fd2dfd76744f261') in 0.022409 seconds
  Import took 0.026442 seconds .

========================================================================
Received Import Request.
  Time since last request: 6.699578 seconds.
  path: Assets/Prefabs/Tiles easy/7 lewa.prefab
  artifactKey: Guid(42902b89b3d7fde498b1a6e2b5a6f85d) Importer(815301076,1909f56bfc062723c751e8b465ee728b)
Start importing Assets/Prefabs/Tiles easy/7 lewa.prefab using Guid(42902b89b3d7fde498b1a6e2b5a6f85d) Importer(815301076,1909f56bfc062723c751e8b465ee728b)  -> (artifact id: 'd5a3f74f8ffdb79a18d3acdd3f7719c3') in 0.013200 seconds
  Import took 0.016269 seconds .

========================================================================
Received Import Request.
  Time since last request: 14.456937 seconds.
  path: Assets/Prefabs/Tiles easy/a1.prefab
  artifactKey: Guid(638938426b04af94f955d9e43f9e054b) Importer(815301076,1909f56bfc062723c751e8b465ee728b)
Start importing Assets/Prefabs/Tiles easy/a1.prefab using Guid(638938426b04af94f955d9e43f9e054b) Importer(815301076,1909f56bfc062723c751e8b465ee728b)  -> (artifact id: '130f62ef1634c8bf86735af3b22b8c6d') in 0.042662 seconds
  Import took 0.045683 seconds .

========================================================================
Received Import Request.
  Time since last request: 22.411689 seconds.
  path: Assets/Prefabs/Tiles easy/a3.prefab
  artifactKey: Guid(88e884899332e424996ca85143963750) Importer(815301076,1909f56bfc062723c751e8b465ee728b)
Start importing Assets/Prefabs/Tiles easy/a3.prefab using Guid(88e884899332e424996ca85143963750) Importer(815301076,1909f56bfc062723c751e8b465ee728b)  -> (artifact id: '53544e2b643f238d5e6f71f879c425dd') in 0.014380 seconds
  Import took 0.018060 seconds .

========================================================================
Received Import Request.
  Time since last request: 0.002167 seconds.
  path: Assets/Prefabs/Tiles easy/a3.prefab
  artifactKey: Guid(88e884899332e424996ca85143963750) Importer(815301076,1909f56bfc062723c751e8b465ee728b)
Start importing Assets/Prefabs/Tiles easy/a3.prefab using Guid(88e884899332e424996ca85143963750) Importer(815301076,1909f56bfc062723c751e8b465ee728b)  -> (artifact id: '53544e2b643f238d5e6f71f879c425dd') in 0.022003 seconds
  Import took 0.026332 seconds .

========================================================================
Received Import Request.
  Time since last request: 5.291399 seconds.
  path: Assets/Prefabs/Tiles easy/F lewa.prefab
  artifactKey: Guid(c3b7d342a31fd4a43931213da31dfd8b) Importer(815301076,1909f56bfc062723c751e8b465ee728b)
Start importing Assets/Prefabs/Tiles easy/F lewa.prefab using Guid(c3b7d342a31fd4a43931213da31dfd8b) Importer(815301076,1909f56bfc062723c751e8b465ee728b)  -> (artifact id: '4efcf0a79011b817a2a34289ac2afe0a') in 0.014347 seconds
  Import took 0.017500 seconds .

========================================================================
Received Import Request.
  Time since last request: 0.005315 seconds.
  path: Assets/Prefabs/Tiles easy/F lewa.prefab
  artifactKey: Guid(c3b7d342a31fd4a43931213da31dfd8b) Importer(815301076,1909f56bfc062723c751e8b465ee728b)
Start importing Assets/Prefabs/Tiles easy/F lewa.prefab using Guid(c3b7d342a31fd4a43931213da31dfd8b) Importer(815301076,1909f56bfc062723c751e8b465ee728b)  -> (artifact id: '4efcf0a79011b817a2a34289ac2afe0a') in 0.012294 seconds
  Import took 0.015953 seconds .

========================================================================
Received Import Request.
  Time since last request: 12.399858 seconds.
  path: Assets/Prefabs/Tiles easy/F prawa.prefab
  artifactKey: Guid(00eca2ad06833424bbe5302d3d6075d1) Importer(815301076,1909f56bfc062723c751e8b465ee728b)
Start importing Assets/Prefabs/Tiles easy/F prawa.prefab using Guid(00eca2ad06833424bbe5302d3d6075d1) Importer(815301076,1909f56bfc062723c751e8b465ee728b)  -> (artifact id: '860913f8b3e968c9fdefba13933e9ae0') in 0.014667 seconds
  Import took 0.017649 seconds .

========================================================================
Received Import Request.
  Time since last request: 0.005367 seconds.
  path: Assets/Prefabs/Tiles easy/F prawa.prefab
  artifactKey: Guid(00eca2ad06833424bbe5302d3d6075d1) Importer(815301076,1909f56bfc062723c751e8b465ee728b)
Start importing Assets/Prefabs/Tiles easy/F prawa.prefab using Guid(00eca2ad06833424bbe5302d3d6075d1) Importer(815301076,1909f56bfc062723c751e8b465ee728b)  -> (artifact id: '860913f8b3e968c9fdefba13933e9ae0') in 0.015626 seconds
  Import took 0.019041 seconds .

========================================================================
Received Import Request.
  Time since last request: 6.890844 seconds.
  path: Assets/Prefabs/Tiles easy/kamien lewy.prefab
  artifactKey: Guid(3704f8b34bf6aa84384bea6a6dc661d1) Importer(815301076,1909f56bfc062723c751e8b465ee728b)
Start importing Assets/Prefabs/Tiles easy/kamien lewy.prefab using Guid(3704f8b34bf6aa84384bea6a6dc661d1) Importer(815301076,1909f56bfc062723c751e8b465ee728b)  -> (artifact id: 'ae9fe73420660b2db37a89d69b0de017') in 0.013790 seconds
  Import took 0.016940 seconds .

========================================================================
Received Import Request.
  Time since last request: 0.002973 seconds.
  path: Assets/Prefabs/Tiles easy/kamien lewy.prefab
  artifactKey: Guid(3704f8b34bf6aa84384bea6a6dc661d1) Importer(815301076,1909f56bfc062723c751e8b465ee728b)
Start importing Assets/Prefabs/Tiles easy/kamien lewy.prefab using Guid(3704f8b34bf6aa84384bea6a6dc661d1) Importer(815301076,1909f56bfc062723c751e8b465ee728b)  -> (artifact id: 'ae9fe73420660b2db37a89d69b0de017') in 0.018790 seconds
  Import took 0.021981 seconds .

========================================================================
Received Import Request.
  Time since last request: 11.801530 seconds.
  path: Assets/Prefabs/Tiles easy/kamien prawy.prefab
  artifactKey: Guid(5861449cf5f728948a9cb0354f185197) Importer(815301076,1909f56bfc062723c751e8b465ee728b)
Start importing Assets/Prefabs/Tiles easy/kamien prawy.prefab using Guid(5861449cf5f728948a9cb0354f185197) Importer(815301076,1909f56bfc062723c751e8b465ee728b)  -> (artifact id: '4abd39542e6bdd4b6d1b42d60ee65fc9') in 0.014891 seconds
  Import took 0.018021 seconds .

========================================================================
Received Import Request.
  Time since last request: 0.008202 seconds.
  path: Assets/Prefabs/Tiles easy/kamien prawy.prefab
  artifactKey: Guid(5861449cf5f728948a9cb0354f185197) Importer(815301076,1909f56bfc062723c751e8b465ee728b)
Start importing Assets/Prefabs/Tiles easy/kamien prawy.prefab using Guid(5861449cf5f728948a9cb0354f185197) Importer(815301076,1909f56bfc062723c751e8b465ee728b)  -> (artifact id: '4abd39542e6bdd4b6d1b42d60ee65fc9') in 0.016626 seconds
  Import took 0.020116 seconds .

========================================================================
Received Import Request.
  Time since last request: 5.610388 seconds.
  path: Assets/Prefabs/Tiles easy/kamien srodek.prefab
  artifactKey: Guid(3fe52344056a1de40ad6be43ca7bad5d) Importer(815301076,1909f56bfc062723c751e8b465ee728b)
Start importing Assets/Prefabs/Tiles easy/kamien srodek.prefab using Guid(3fe52344056a1de40ad6be43ca7bad5d) Importer(815301076,1909f56bfc062723c751e8b465ee728b)  -> (artifact id: 'd83e6d5669b76391ed95dcd821b581f6') in 0.014151 seconds
  Import took 0.017283 seconds .

========================================================================
Received Import Request.
  Time since last request: 0.002714 seconds.
  path: Assets/Prefabs/Tiles easy/kamien srodek.prefab
  artifactKey: Guid(3fe52344056a1de40ad6be43ca7bad5d) Importer(815301076,1909f56bfc062723c751e8b465ee728b)
Start importing Assets/Prefabs/Tiles easy/kamien srodek.prefab using Guid(3fe52344056a1de40ad6be43ca7bad5d) Importer(815301076,1909f56bfc062723c751e8b465ee728b)  -> (artifact id: 'd83e6d5669b76391ed95dcd821b581f6') in 0.020219 seconds
  Import took 0.023321 seconds .

========================================================================
Received Import Request.
  Time since last request: 11.928531 seconds.
  path: Assets/Prefabs/Tiles easy/skos lewa gora.prefab
  artifactKey: Guid(09806dcb41d9f1947bd671aeda3f177d) Importer(815301076,1909f56bfc062723c751e8b465ee728b)
Start importing Assets/Prefabs/Tiles easy/skos lewa gora.prefab using Guid(09806dcb41d9f1947bd671aeda3f177d) Importer(815301076,1909f56bfc062723c751e8b465ee728b)  -> (artifact id: '85c63599eb4319a833a43d5433ff2fbf') in 0.013578 seconds
  Import took 0.016500 seconds .

========================================================================
Received Import Request.
  Time since last request: 0.003553 seconds.
  path: Assets/Prefabs/Tiles easy/skos lewa gora.prefab
  artifactKey: Guid(09806dcb41d9f1947bd671aeda3f177d) Importer(815301076,1909f56bfc062723c751e8b465ee728b)
Start importing Assets/Prefabs/Tiles easy/skos lewa gora.prefab using Guid(09806dcb41d9f1947bd671aeda3f177d) Importer(815301076,1909f56bfc062723c751e8b465ee728b)  -> (artifact id: '85c63599eb4319a833a43d5433ff2fbf') in 0.023157 seconds
  Import took 0.026118 seconds .

========================================================================
Received Import Request.
  Time since last request: 10.710828 seconds.
  path: Assets/Prefabs/Tiles easy/skos prawa gorta.prefab
  artifactKey: Guid(eda8ceda26e1dd544b9922ea9ead6462) Importer(815301076,1909f56bfc062723c751e8b465ee728b)
Start importing Assets/Prefabs/Tiles easy/skos prawa gorta.prefab using Guid(eda8ceda26e1dd544b9922ea9ead6462) Importer(815301076,1909f56bfc062723c751e8b465ee728b)  -> (artifact id: 'd6f26a96024333a3864339387fe71f00') in 0.014176 seconds
  Import took 0.017623 seconds .

========================================================================
Received Import Request.
  Time since last request: 0.003549 seconds.
  path: Assets/Prefabs/Tiles easy/skos prawa gorta.prefab
  artifactKey: Guid(eda8ceda26e1dd544b9922ea9ead6462) Importer(815301076,1909f56bfc062723c751e8b465ee728b)
Start importing Assets/Prefabs/Tiles easy/skos prawa gorta.prefab using Guid(eda8ceda26e1dd544b9922ea9ead6462) Importer(815301076,1909f56bfc062723c751e8b465ee728b)  -> (artifact id: 'd6f26a96024333a3864339387fe71f00') in 0.025721 seconds
  Import took 0.028771 seconds .

========================================================================
Received Import Request.
  Time since last request: 8.657386 seconds.
  path: Assets/Prefabs/Tiles easy/a3.prefab
  artifactKey: Guid(88e884899332e424996ca85143963750) Importer(815301076,1909f56bfc062723c751e8b465ee728b)
Start importing Assets/Prefabs/Tiles easy/a3.prefab using Guid(88e884899332e424996ca85143963750) Importer(815301076,1909f56bfc062723c751e8b465ee728b)  -> (artifact id: 'da0cddedfa6b9118a5e6582629be8b2a') in 0.012820 seconds
  Import took 0.016101 seconds .

========================================================================
Received Import Request.
  Time since last request: 5.142414 seconds.
  path: Assets/Prefabs/Tiles easy/kamien lewy.prefab
  artifactKey: Guid(3704f8b34bf6aa84384bea6a6dc661d1) Importer(815301076,1909f56bfc062723c751e8b465ee728b)
Start importing Assets/Prefabs/Tiles easy/kamien lewy.prefab using Guid(3704f8b34bf6aa84384bea6a6dc661d1) Importer(815301076,1909f56bfc062723c751e8b465ee728b)  -> (artifact id: '9551b1a88bb873d58cb4832ab443f02c') in 0.015628 seconds
  Import took 0.018828 seconds .

========================================================================
Received Import Request.
  Time since last request: 2.870468 seconds.
  path: Assets/Prefabs/Tiles easy/a2.prefab
  artifactKey: Guid(15d2800e87472664da64a03aa0b34726) Importer(815301076,1909f56bfc062723c751e8b465ee728b)
Start importing Assets/Prefabs/Tiles easy/a2.prefab using Guid(15d2800e87472664da64a03aa0b34726) Importer(815301076,1909f56bfc062723c751e8b465ee728b)  -> (artifact id: 'b2c73985aa2e87f58695dc28dc1dd585') in 0.011528 seconds
  Import took 0.014303 seconds .

========================================================================
Received Prepare
Registering precompiled user dll's ...
Registered in 0.000791 seconds.
Begin MonoManager ReloadAssembly
Native extension for WindowsStandalone target not found
Native extension for WebGL target not found
Refreshing native plugins compatible for Editor in 0.33 ms, found 0 plugins.
Preloading 0 native plugins for Editor in 0.00 ms.
Invoked RoslynAnalysisRunner static constructor.
RoslynAnalysisRunner will not be running.
RoslynAnalysisRunner has terminated.
Mono: successfully reloaded assembly
- Completed reload, in  1.102 seconds
Platform modules already initialized, skipping
Switching build target platform(5) subTarget(0) extendedPlatform(0) -> platform(13) subTarget(537395200) extendedPlatform(0)
Refreshing native plugins compatible for Editor in 0.23 ms, found 0 plugins.
Preloading 0 native plugins for Editor in 0.00 ms.
Unloading 1101 Unused Serialized files (Serialized files now loaded: 0)
System memory in use before: 60.2 MB.
System memory in use after: 60.2 MB.

Unloading 6 unused Assets to reduce memory usage. Loaded Objects now: 1558.
Total: 1.872600 ms (FindLiveObjects: 0.160800 ms CreateObjectMapping: 0.045000 ms MarkObjects: 1.602600 ms  DeleteObjects: 0.062200 ms)

AssetImportParameters requested are different than current active one (requested -> active):
  custom:graphics/normal-map-encoding: 01000000000000000000000000000000 -> 02000000000000000000000000000000
========================================================================
Received Prepare
Registering precompiled user dll's ...
Registered in 0.000755 seconds.
Begin MonoManager ReloadAssembly
Native extension for WindowsStandalone target not found
Native extension for WebGL target not found
Refreshing native plugins compatible for Editor in 0.25 ms, found 0 plugins.
Preloading 0 native plugins for Editor in 0.00 ms.
Invoked RoslynAnalysisRunner static constructor.
RoslynAnalysisRunner will not be running.
RoslynAnalysisRunner has terminated.
Mono: successfully reloaded assembly
- Completed reload, in  0.955 seconds
Platform modules already initialized, skipping
Switching build target platform(5) subTarget(0) extendedPlatform(0) -> platform(13) subTarget(537395200) extendedPlatform(0)
Refreshing native plugins compatible for Editor in 0.22 ms, found 0 plugins.
Preloading 0 native plugins for Editor in 0.00 ms.
Unloading 1101 Unused Serialized files (Serialized files now loaded: 0)
System memory in use before: 60.2 MB.
System memory in use after: 60.3 MB.

Unloading 5 unused Assets to reduce memory usage. Loaded Objects now: 1560.
Total: 2.206800 ms (FindLiveObjects: 0.270800 ms CreateObjectMapping: 0.168800 ms MarkObjects: 1.702400 ms  DeleteObjects: 0.062100 ms)

AssetImportParameters requested are different than current active one (requested -> active):
  custom:graphics/normal-map-encoding: 01000000000000000000000000000000 -> 02000000000000000000000000000000
========================================================================
Received Prepare
Registering precompiled user dll's ...
Registered in 0.000878 seconds.
Begin MonoManager ReloadAssembly
Native extension for WindowsStandalone target not found
Native extension for WebGL target not found
Refreshing native plugins compatible for Editor in 0.23 ms, found 0 plugins.
Preloading 0 native plugins for Editor in 0.00 ms.
Invoked RoslynAnalysisRunner static constructor.
RoslynAnalysisRunner will not be running.
RoslynAnalysisRunner has terminated.
Mono: successfully reloaded assembly
- Completed reload, in  1.313 seconds
Platform modules already initialized, skipping
Switching build target platform(5) subTarget(0) extendedPlatform(0) -> platform(13) subTarget(537395200) extendedPlatform(0)
Refreshing native plugins compatible for Editor in 0.22 ms, found 0 plugins.
Preloading 0 native plugins for Editor in 0.00 ms.
Unloading 1102 Unused Serialized files (Serialized files now loaded: 0)
System memory in use before: 60.3 MB.
System memory in use after: 60.4 MB.

Unloading 5 unused Assets to reduce memory usage. Loaded Objects now: 1563.
Total: 2.468700 ms (FindLiveObjects: 0.414900 ms CreateObjectMapping: 0.071900 ms MarkObjects: 1.919400 ms  DeleteObjects: 0.060400 ms)

AssetImportParameters requested are different than current active one (requested -> active):
  custom:graphics/normal-map-encoding: 01000000000000000000000000000000 -> 02000000000000000000000000000000
========================================================================
Received Prepare
Registering precompiled user dll's ...
Registered in 0.000812 seconds.
Begin MonoManager ReloadAssembly
Native extension for WindowsStandalone target not found
Native extension for WebGL target not found
Refreshing native plugins compatible for Editor in 0.24 ms, found 0 plugins.
Preloading 0 native plugins for Editor in 0.00 ms.
Invoked RoslynAnalysisRunner static constructor.
RoslynAnalysisRunner will not be running.
RoslynAnalysisRunner has terminated.
Mono: successfully reloaded assembly
- Completed reload, in  1.213 seconds
Platform modules already initialized, skipping
Switching build target platform(5) subTarget(0) extendedPlatform(0) -> platform(13) subTarget(537395200) extendedPlatform(0)
Refreshing native plugins compatible for Editor in 0.22 ms, found 0 plugins.
Preloading 0 native plugins for Editor in 0.00 ms.
Unloading 1101 Unused Serialized files (Serialized files now loaded: 0)
System memory in use before: 60.4 MB.
System memory in use after: 60.4 MB.

Unloading 6 unused Assets to reduce memory usage. Loaded Objects now: 1564.
Total: 2.041900 ms (FindLiveObjects: 0.230700 ms CreateObjectMapping: 0.084700 ms MarkObjects: 1.652100 ms  DeleteObjects: 0.071800 ms)

AssetImportParameters requested are different than current active one (requested -> active):
  custom:graphics/normal-map-encoding: 01000000000000000000000000000000 -> 02000000000000000000000000000000
========================================================================
Received Import Request.
  Time since last request: 211.795342 seconds.
  path: Assets/Player.cs
  artifactKey: Guid(544f2c3a5e0703145a520c529dec7545) Importer(815301076,1909f56bfc062723c751e8b465ee728b)
Start importing Assets/Player.cs using Guid(544f2c3a5e0703145a520c529dec7545) Importer(815301076,1909f56bfc062723c751e8b465ee728b)  -> (artifact id: '633f82d648d67c852a832d3b4faf1a58') in 0.004485 seconds
  Import took 0.007010 seconds .

========================================================================
Received Prepare
Registering precompiled user dll's ...
Registered in 0.000777 seconds.
Begin MonoManager ReloadAssembly
Native extension for WindowsStandalone target not found
Native extension for WebGL target not found
Refreshing native plugins compatible for Editor in 0.23 ms, found 0 plugins.
Preloading 0 native plugins for Editor in 0.00 ms.
Invoked RoslynAnalysisRunner static constructor.
RoslynAnalysisRunner will not be running.
RoslynAnalysisRunner has terminated.
Mono: successfully reloaded assembly
- Completed reload, in  1.128 seconds
Platform modules already initialized, skipping
Switching build target platform(5) subTarget(0) extendedPlatform(0) -> platform(13) subTarget(537395200) extendedPlatform(0)
Refreshing native plugins compatible for Editor in 2.49 ms, found 0 plugins.
Preloading 0 native plugins for Editor in 0.00 ms.
Unloading 1101 Unused Serialized files (Serialized files now loaded: 0)
System memory in use before: 60.4 MB.
System memory in use after: 60.5 MB.

Unloading 5 unused Assets to reduce memory usage. Loaded Objects now: 1566.
Total: 2.697400 ms (FindLiveObjects: 0.231300 ms CreateObjectMapping: 0.230600 ms MarkObjects: 2.153500 ms  DeleteObjects: 0.079200 ms)

AssetImportParameters requested are different than current active one (requested -> active):
  custom:graphics/normal-map-encoding: 01000000000000000000000000000000 -> 02000000000000000000000000000000
========================================================================
Received Import Request.
  Time since last request: 13.229339 seconds.
  path: Assets/Player.cs
  artifactKey: Guid(544f2c3a5e0703145a520c529dec7545) Importer(815301076,1909f56bfc062723c751e8b465ee728b)
Start importing Assets/Player.cs using Guid(544f2c3a5e0703145a520c529dec7545) Importer(815301076,1909f56bfc062723c751e8b465ee728b)  -> (artifact id: 'cbe69b38b72188ed12e26fd9e1811481') in 0.007071 seconds
  Import took 0.009891 seconds .

========================================================================
Received Prepare
Registering precompiled user dll's ...
Registered in 0.001044 seconds.
Begin MonoManager ReloadAssembly
Native extension for WindowsStandalone target not found
Native extension for WebGL target not found
Refreshing native plugins compatible for Editor in 0.24 ms, found 0 plugins.
Preloading 0 native plugins for Editor in 0.00 ms.
Invoked RoslynAnalysisRunner static constructor.
RoslynAnalysisRunner will not be running.
RoslynAnalysisRunner has terminated.
Mono: successfully reloaded assembly
- Completed reload, in  1.395 seconds
Platform modules already initialized, skipping
Switching build target platform(5) subTarget(0) extendedPlatform(0) -> platform(13) subTarget(537395200) extendedPlatform(0)
Refreshing native plugins compatible for Editor in 0.36 ms, found 0 plugins.
Preloading 0 native plugins for Editor in 0.00 ms.
Unloading 1101 Unused Serialized files (Serialized files now loaded: 0)
System memory in use before: 60.5 MB.
System memory in use after: 60.6 MB.

Unloading 5 unused Assets to reduce memory usage. Loaded Objects now: 1568.
Total: 2.692100 ms (FindLiveObjects: 0.359600 ms CreateObjectMapping: 0.069600 ms MarkObjects: 2.201800 ms  DeleteObjects: 0.058500 ms)

AssetImportParameters requested are different than current active one (requested -> active):
  custom:graphics/normal-map-encoding: 01000000000000000000000000000000 -> 02000000000000000000000000000000
========================================================================
Received Prepare
Registering precompiled user dll's ...
Registered in 0.001079 seconds.
Begin MonoManager ReloadAssembly
Native extension for WindowsStandalone target not found
Native extension for WebGL target not found
Refreshing native plugins compatible for Editor in 0.22 ms, found 0 plugins.
Preloading 0 native plugins for Editor in 0.00 ms.
Invoked RoslynAnalysisRunner static constructor.
RoslynAnalysisRunner will not be running.
RoslynAnalysisRunner has terminated.
Mono: successfully reloaded assembly
- Completed reload, in  1.011 seconds
Platform modules already initialized, skipping
Switching build target platform(5) subTarget(0) extendedPlatform(0) -> platform(13) subTarget(537395200) extendedPlatform(0)
Refreshing native plugins compatible for Editor in 0.22 ms, found 0 plugins.
Preloading 0 native plugins for Editor in 0.00 ms.
Unloading 1101 Unused Serialized files (Serialized files now loaded: 0)
System memory in use before: 60.6 MB.
System memory in use after: 60.6 MB.

Unloading 5 unused Assets to reduce memory usage. Loaded Objects now: 1570.
Total: 1.959000 ms (FindLiveObjects: 0.239100 ms CreateObjectMapping: 0.075400 ms MarkObjects: 1.579000 ms  DeleteObjects: 0.062400 ms)

AssetImportParameters requested are different than current active one (requested -> active):
  custom:graphics/normal-map-encoding: 01000000000000000000000000000000 -> 02000000000000000000000000000000
========================================================================
Received Import Request.
  Time since last request: 229.361680 seconds.
  path: Assets/Prefabs/Tiles easy/F prawa.prefab
  artifactKey: Guid(00eca2ad06833424bbe5302d3d6075d1) Importer(815301076,1909f56bfc062723c751e8b465ee728b)
Start importing Assets/Prefabs/Tiles easy/F prawa.prefab using Guid(00eca2ad06833424bbe5302d3d6075d1) Importer(815301076,1909f56bfc062723c751e8b465ee728b)  -> (artifact id: '94c7af812ae3cd818da9c94e92510557') in 0.075266 seconds
  Import took 0.077830 seconds .

========================================================================
Received Import Request.
  Time since last request: 298.550831 seconds.
  path: Assets/Prefabs/Tiles easy/skos prawa gorta.prefab
  artifactKey: Guid(eda8ceda26e1dd544b9922ea9ead6462) Importer(815301076,1909f56bfc062723c751e8b465ee728b)
Start importing Assets/Prefabs/Tiles easy/skos prawa gorta.prefab using Guid(eda8ceda26e1dd544b9922ea9ead6462) Importer(815301076,1909f56bfc062723c751e8b465ee728b)  -> (artifact id: 'cf00a4fd7dd978094456c50173acb20d') in 0.024234 seconds
  Import took 0.027200 seconds .

========================================================================
Received Import Request.
  Time since last request: 0.020582 seconds.
  path: Assets/Prefabs/Tiles easy/skos prawa gorta.prefab
  artifactKey: Guid(eda8ceda26e1dd544b9922ea9ead6462) Importer(815301076,1909f56bfc062723c751e8b465ee728b)
Start importing Assets/Prefabs/Tiles easy/skos prawa gorta.prefab using Guid(eda8ceda26e1dd544b9922ea9ead6462) Importer(815301076,1909f56bfc062723c751e8b465ee728b)  -> (artifact id: 'cf00a4fd7dd978094456c50173acb20d') in 0.017167 seconds
  Import took 0.021361 seconds .

========================================================================
Received Prepare
Registering precompiled user dll's ...
Registered in 0.000758 seconds.
Begin MonoManager ReloadAssembly
Native extension for WindowsStandalone target not found
Native extension for WebGL target not found
Refreshing native plugins compatible for Editor in 0.23 ms, found 0 plugins.
Preloading 0 native plugins for Editor in 0.00 ms.
Invoked RoslynAnalysisRunner static constructor.
RoslynAnalysisRunner will not be running.
RoslynAnalysisRunner has terminated.
Mono: successfully reloaded assembly
- Completed reload, in  1.276 seconds
Platform modules already initialized, skipping
Switching build target platform(5) subTarget(0) extendedPlatform(0) -> platform(13) subTarget(537395200) extendedPlatform(0)
Refreshing native plugins compatible for Editor in 0.23 ms, found 0 plugins.
Preloading 0 native plugins for Editor in 0.00 ms.
Unloading 1101 Unused Serialized files (Serialized files now loaded: 0)
System memory in use before: 60.6 MB.
System memory in use after: 60.7 MB.

Unloading 6 unused Assets to reduce memory usage. Loaded Objects now: 1573.
Total: 1.926800 ms (FindLiveObjects: 0.257900 ms CreateObjectMapping: 0.082100 ms MarkObjects: 1.505200 ms  DeleteObjects: 0.080200 ms)

AssetImportParameters requested are different than current active one (requested -> active):
  custom:graphics/normal-map-encoding: 01000000000000000000000000000000 -> 02000000000000000000000000000000
========================================================================
Received Prepare
Registering precompiled user dll's ...
Registered in 0.002437 seconds.
Begin MonoManager ReloadAssembly
Native extension for WindowsStandalone target not found
Native extension for WebGL target not found
Refreshing native plugins compatible for Editor in 0.22 ms, found 0 plugins.
Preloading 0 native plugins for Editor in 0.00 ms.
Invoked RoslynAnalysisRunner static constructor.
RoslynAnalysisRunner will not be running.
RoslynAnalysisRunner has terminated.
Mono: successfully reloaded assembly
- Completed reload, in  1.065 seconds
Platform modules already initialized, skipping
Switching build target platform(5) subTarget(0) extendedPlatform(0) -> platform(13) subTarget(537395200) extendedPlatform(0)
Refreshing native plugins compatible for Editor in 0.22 ms, found 0 plugins.
Preloading 0 native plugins for Editor in 0.00 ms.
Unloading 1101 Unused Serialized files (Serialized files now loaded: 0)
System memory in use before: 60.7 MB.
System memory in use after: 60.8 MB.

Unloading 5 unused Assets to reduce memory usage. Loaded Objects now: 1575.
Total: 3.183100 ms (FindLiveObjects: 0.347200 ms CreateObjectMapping: 0.130300 ms MarkObjects: 2.591700 ms  DeleteObjects: 0.111300 ms)

AssetImportParameters requested are different than current active one (requested -> active):
  custom:graphics/normal-map-encoding: 01000000000000000000000000000000 -> 02000000000000000000000000000000
========================================================================
Received Import Request.
  Time since last request: 373.121961 seconds.
  path: Assets/Scripts/PlayerMovement.cs
  artifactKey: Guid(544f2c3a5e0703145a520c529dec7545) Importer(815301076,1909f56bfc062723c751e8b465ee728b)
Start importing Assets/Scripts/PlayerMovement.cs using Guid(544f2c3a5e0703145a520c529dec7545) Importer(815301076,1909f56bfc062723c751e8b465ee728b)  -> (artifact id: '949345918c46d7e18c6929b1b800e0e6') in 0.013353 seconds
  Import took 0.019931 seconds .

========================================================================
Received Import Request.
  Time since last request: 0.013533 seconds.
  path: Assets/Scripts/PlayerMovement.cs
  artifactKey: Guid(544f2c3a5e0703145a520c529dec7545) Importer(815301076,1909f56bfc062723c751e8b465ee728b)
Start importing Assets/Scripts/PlayerMovement.cs using Guid(544f2c3a5e0703145a520c529dec7545) Importer(815301076,1909f56bfc062723c751e8b465ee728b)  -> (artifact id: '949345918c46d7e18c6929b1b800e0e6') in 0.006495 seconds
  Import took 0.015642 seconds .

========================================================================
Received Prepare
Registering precompiled user dll's ...
Registered in 0.001043 seconds.
Begin MonoManager ReloadAssembly
Native extension for WindowsStandalone target not found
Native extension for WebGL target not found
Refreshing native plugins compatible for Editor in 0.23 ms, found 0 plugins.
Preloading 0 native plugins for Editor in 0.00 ms.
Invoked RoslynAnalysisRunner static constructor.
RoslynAnalysisRunner will not be running.
RoslynAnalysisRunner has terminated.
Mono: successfully reloaded assembly
- Completed reload, in  1.667 seconds
Platform modules already initialized, skipping
Switching build target platform(5) subTarget(0) extendedPlatform(0) -> platform(13) subTarget(537395200) extendedPlatform(0)
Refreshing native plugins compatible for Editor in 0.27 ms, found 0 plugins.
Preloading 0 native plugins for Editor in 0.00 ms.
Unloading 1101 Unused Serialized files (Serialized files now loaded: 0)
System memory in use before: 60.8 MB.
System memory in use after: 60.8 MB.

Unloading 5 unused Assets to reduce memory usage. Loaded Objects now: 1577.
Total: 2.049400 ms (FindLiveObjects: 0.142600 ms CreateObjectMapping: 0.035800 ms MarkObjects: 1.808600 ms  DeleteObjects: 0.060900 ms)

AssetImportParameters requested are different than current active one (requested -> active):
  custom:graphics/normal-map-encoding: 01000000000000000000000000000000 -> 02000000000000000000000000000000
========================================================================
Received Prepare
Registering precompiled user dll's ...
Registered in 0.001076 seconds.
Begin MonoManager ReloadAssembly
Native extension for WindowsStandalone target not found
Native extension for WebGL target not found
Refreshing native plugins compatible for Editor in 0.23 ms, found 0 plugins.
Preloading 0 native plugins for Editor in 0.00 ms.
Invoked RoslynAnalysisRunner static constructor.
RoslynAnalysisRunner will not be running.
RoslynAnalysisRunner has terminated.
Mono: successfully reloaded assembly
- Completed reload, in  1.142 seconds
Platform modules already initialized, skipping
Switching build target platform(5) subTarget(0) extendedPlatform(0) -> platform(13) subTarget(537395200) extendedPlatform(0)
Refreshing native plugins compatible for Editor in 0.27 ms, found 0 plugins.
Preloading 0 native plugins for Editor in 0.00 ms.
Unloading 1101 Unused Serialized files (Serialized files now loaded: 0)
System memory in use before: 60.8 MB.
System memory in use after: 60.9 MB.

Unloading 5 unused Assets to reduce memory usage. Loaded Objects now: 1579.
Total: 2.256300 ms (FindLiveObjects: 0.361100 ms CreateObjectMapping: 0.164500 ms MarkObjects: 1.668100 ms  DeleteObjects: 0.059900 ms)

AssetImportParameters requested are different than current active one (requested -> active):
  custom:graphics/normal-map-encoding: 01000000000000000000000000000000 -> 02000000000000000000000000000000
========================================================================
Received Prepare
Registering precompiled user dll's ...
Registered in 0.001030 seconds.
Begin MonoManager ReloadAssembly
Native extension for WindowsStandalone target not found
Native extension for WebGL target not found
Refreshing native plugins compatible for Editor in 0.22 ms, found 0 plugins.
Preloading 0 native plugins for Editor in 0.00 ms.
Invoked RoslynAnalysisRunner static constructor.
RoslynAnalysisRunner will not be running.
RoslynAnalysisRunner has terminated.
Mono: successfully reloaded assembly
- Completed reload, in  1.123 seconds
Platform modules already initialized, skipping
Switching build target platform(5) subTarget(0) extendedPlatform(0) -> platform(13) subTarget(537395200) extendedPlatform(0)
Refreshing native plugins compatible for Editor in 0.23 ms, found 0 plugins.
Preloading 0 native plugins for Editor in 0.00 ms.
Unloading 1101 Unused Serialized files (Serialized files now loaded: 0)
System memory in use before: 60.9 MB.
System memory in use after: 61.0 MB.

Unloading 5 unused Assets to reduce memory usage. Loaded Objects now: 1581.
Total: 2.427800 ms (FindLiveObjects: 0.192100 ms CreateObjectMapping: 0.041500 ms MarkObjects: 2.130800 ms  DeleteObjects: 0.061200 ms)

AssetImportParameters requested are different than current active one (requested -> active):
  custom:graphics/normal-map-encoding: 01000000000000000000000000000000 -> 02000000000000000000000000000000
========================================================================
Received Prepare
Registering precompiled user dll's ...
Registered in 0.000750 seconds.
Begin MonoManager ReloadAssembly
Native extension for WindowsStandalone target not found
Native extension for WebGL target not found
Refreshing native plugins compatible for Editor in 0.23 ms, found 0 plugins.
Preloading 0 native plugins for Editor in 0.00 ms.
Invoked RoslynAnalysisRunner static constructor.
RoslynAnalysisRunner will not be running.
RoslynAnalysisRunner has terminated.
Mono: successfully reloaded assembly
- Completed reload, in  1.002 seconds
Platform modules already initialized, skipping
Switching build target platform(5) subTarget(0) extendedPlatform(0) -> platform(13) subTarget(537395200) extendedPlatform(0)
Refreshing native plugins compatible for Editor in 0.22 ms, found 0 plugins.
Preloading 0 native plugins for Editor in 0.00 ms.
Unloading 1101 Unused Serialized files (Serialized files now loaded: 0)
System memory in use before: 60.9 MB.
System memory in use after: 61.0 MB.

Unloading 5 unused Assets to reduce memory usage. Loaded Objects now: 1583.
Total: 4.119300 ms (FindLiveObjects: 0.265400 ms CreateObjectMapping: 0.094700 ms MarkObjects: 3.676000 ms  DeleteObjects: 0.081300 ms)

AssetImportParameters requested are different than current active one (requested -> active):
  custom:graphics/normal-map-encoding: 01000000000000000000000000000000 -> 02000000000000000000000000000000
========================================================================
Received Prepare
Registering precompiled user dll's ...
Registered in 0.000747 seconds.
Begin MonoManager ReloadAssembly
Native extension for WindowsStandalone target not found
Native extension for WebGL target not found
Refreshing native plugins compatible for Editor in 0.23 ms, found 0 plugins.
Preloading 0 native plugins for Editor in 0.00 ms.
Invoked RoslynAnalysisRunner static constructor.
RoslynAnalysisRunner will not be running.
RoslynAnalysisRunner has terminated.
Mono: successfully reloaded assembly
- Completed reload, in  1.005 seconds
Platform modules already initialized, skipping
Switching build target platform(5) subTarget(0) extendedPlatform(0) -> platform(13) subTarget(537395200) extendedPlatform(0)
Refreshing native plugins compatible for Editor in 0.21 ms, found 0 plugins.
Preloading 0 native plugins for Editor in 0.00 ms.
Unloading 1101 Unused Serialized files (Serialized files now loaded: 0)
System memory in use before: 61.0 MB.
System memory in use after: 61.1 MB.

Unloading 5 unused Assets to reduce memory usage. Loaded Objects now: 1585.
Total: 1.825900 ms (FindLiveObjects: 0.167600 ms CreateObjectMapping: 0.039400 ms MarkObjects: 1.553900 ms  DeleteObjects: 0.063200 ms)

AssetImportParameters requested are different than current active one (requested -> active):
  custom:graphics/normal-map-encoding: 01000000000000000000000000000000 -> 02000000000000000000000000000000
